<?xml version="1.0" encoding="UTF-8"?>
<!-- Generated by org.testng.reporters.JUnitXMLReporter -->
<testsuite ignored="0" hostname="DESKTOP-HFUG0EO" failures="0" tests="1" name="Test" time="15.932" errors="0" timestamp="2022-10-13T10:41:42 IST">
  <testcase classname="demoWebShop.Register" name="@AfterMethod screenShot" time="0.683">
    <failure type="java.io.IOException" message="Source &amp;apos;C:\Users\ADMINI~1\AppData\Local\Temp\screenshot8877250634464275935.png&amp;apos; exists but is not a directory">
      <![CDATA[java.io.IOException: Source 'C:\Users\ADMINI~1\AppData\Local\Temp\screenshot8877250634464275935.png' exists but is not a directory
at org.apache.commons.io.FileUtils.copyDirectory(FileUtils.java:1348)
at org.apache.commons.io.FileUtils.copyDirectory(FileUtils.java:1246)
at org.apache.commons.io.FileUtils.copyDirectory(FileUtils.java:1215)
at demoWebShop.Register.screenShot(Register.java:64)
at java.base/java.util.ArrayList.forEach(ArrayList.java:1511)
... Removed 32 stack frames]]>
    </failure>
  </testcase> <!-- @AfterMethod screenShot -->
  <testcase classname="demoWebShop.Register" name="register" time="6.085"/>
</testsuite> <!-- Test -->
